c:\users\d3639511\source\repos\real-time-graphics-opengl\threegpstart\x64\debug\vc143.pdb
c:\users\d3639511\source\repos\real-time-graphics-opengl\threegpstart\x64\debug\simulation.obj
c:\users\d3639511\source\repos\real-time-graphics-opengl\threegpstart\x64\debug\renderer.obj
c:\users\d3639511\source\repos\real-time-graphics-opengl\threegpstart\x64\debug\mesh.obj
c:\users\d3639511\source\repos\real-time-graphics-opengl\threegpstart\x64\debug\main.obj
c:\users\d3639511\source\repos\real-time-graphics-opengl\threegpstart\x64\debug\imageloader.obj
c:\users\d3639511\source\repos\real-time-graphics-opengl\threegpstart\x64\debug\helper.obj
c:\users\d3639511\source\repos\real-time-graphics-opengl\threegpstart\x64\debug\imgui_widgets.obj
c:\users\d3639511\source\repos\real-time-graphics-opengl\threegpstart\x64\debug\imgui_tables.obj
c:\users\d3639511\source\repos\real-time-graphics-opengl\threegpstart\x64\debug\imgui_impl_opengl3.obj
c:\users\d3639511\source\repos\real-time-graphics-opengl\threegpstart\x64\debug\imgui_impl_glfw.obj
c:\users\d3639511\source\repos\real-time-graphics-opengl\threegpstart\x64\debug\imgui_draw.obj
c:\users\d3639511\source\repos\real-time-graphics-opengl\threegpstart\x64\debug\imgui.obj
c:\users\d3639511\source\repos\real-time-graphics-opengl\threegpstart\x64\debug\camera.obj
c:\users\d3639511\source\repos\real-time-graphics-opengl\threegpstart\x64\debug\glew.obj
c:\users\d3639511\source\repos\real-time-graphics-opengl\x64\debug\threegpstart.exe
c:\users\d3639511\source\repos\real-time-graphics-opengl\threegpstart\x64\debug\threegpstart.ilk
c:\users\d3639511\source\repos\real-time-graphics-opengl\x64\debug\threegpstart.pdb
c:\users\d3639511\source\repos\real-time-graphics-opengl\threegpstart\x64\debug\threegpstart.tlog\cl.command.1.tlog
c:\users\d3639511\source\repos\real-time-graphics-opengl\threegpstart\x64\debug\threegpstart.tlog\cl.items.tlog
c:\users\d3639511\source\repos\real-time-graphics-opengl\threegpstart\x64\debug\threegpstart.tlog\cl.read.1.tlog
c:\users\d3639511\source\repos\real-time-graphics-opengl\threegpstart\x64\debug\threegpstart.tlog\cl.write.1.tlog
c:\users\d3639511\source\repos\real-time-graphics-opengl\threegpstart\x64\debug\threegpstart.tlog\link.command.1.tlog
c:\users\d3639511\source\repos\real-time-graphics-opengl\threegpstart\x64\debug\threegpstart.tlog\link.read.1.tlog
c:\users\d3639511\source\repos\real-time-graphics-opengl\threegpstart\x64\debug\threegpstart.tlog\link.write.1.tlog
