c:\users\d3639511\source\opengl_baseproject\opengl_baseproject\opengl_realtimegraphics\opengl_realtimegraphics\x64\debug\vc143.pdb
c:\users\d3639511\source\opengl_baseproject\opengl_baseproject\opengl_realtimegraphics\opengl_realtimegraphics\x64\debug\vc143.idb
c:\users\d3639511\source\opengl_baseproject\opengl_baseproject\opengl_realtimegraphics\opengl_realtimegraphics\x64\debug\glad.obj
c:\users\d3639511\source\opengl_baseproject\opengl_baseproject\opengl_realtimegraphics\opengl_realtimegraphics\x64\debug\stb_image.obj
c:\users\d3639511\source\opengl_baseproject\opengl_baseproject\opengl_realtimegraphics\opengl_realtimegraphics\x64\debug\main.obj
c:\users\d3639511\source\opengl_baseproject\opengl_baseproject\opengl_realtimegraphics\opengl_realtimegraphics\x64\debug\opengl_realtimegraphics.res
c:\users\d3639511\source\opengl_baseproject\opengl_baseproject\opengl_realtimegraphics\x64\debug\opengl_realtimegraphics.pdb
c:\users\d3639511\source\opengl_baseproject\opengl_baseproject\opengl_realtimegraphics\opengl_realtimegraphics\x64\debug\opengl_r.14c2ca66.tlog\cl.command.1.tlog
c:\users\d3639511\source\opengl_baseproject\opengl_baseproject\opengl_realtimegraphics\opengl_realtimegraphics\x64\debug\opengl_r.14c2ca66.tlog\cl.read.1.tlog
c:\users\d3639511\source\opengl_baseproject\opengl_baseproject\opengl_realtimegraphics\opengl_realtimegraphics\x64\debug\opengl_r.14c2ca66.tlog\cl.write.1.tlog
c:\users\d3639511\source\opengl_baseproject\opengl_baseproject\opengl_realtimegraphics\opengl_realtimegraphics\x64\debug\opengl_r.14c2ca66.tlog\link-cvtres.read.1.tlog
c:\users\d3639511\source\opengl_baseproject\opengl_baseproject\opengl_realtimegraphics\opengl_realtimegraphics\x64\debug\opengl_r.14c2ca66.tlog\link-cvtres.write.1.tlog
c:\users\d3639511\source\opengl_baseproject\opengl_baseproject\opengl_realtimegraphics\opengl_realtimegraphics\x64\debug\opengl_r.14c2ca66.tlog\link-rc.read.1.tlog
c:\users\d3639511\source\opengl_baseproject\opengl_baseproject\opengl_realtimegraphics\opengl_realtimegraphics\x64\debug\opengl_r.14c2ca66.tlog\link-rc.write.1.tlog
c:\users\d3639511\source\opengl_baseproject\opengl_baseproject\opengl_realtimegraphics\opengl_realtimegraphics\x64\debug\opengl_r.14c2ca66.tlog\link.command.1.tlog
c:\users\d3639511\source\opengl_baseproject\opengl_baseproject\opengl_realtimegraphics\opengl_realtimegraphics\x64\debug\opengl_r.14c2ca66.tlog\link.read.1.tlog
c:\users\d3639511\source\opengl_baseproject\opengl_baseproject\opengl_realtimegraphics\opengl_realtimegraphics\x64\debug\opengl_r.14c2ca66.tlog\link.read.2.tlog
c:\users\d3639511\source\opengl_baseproject\opengl_baseproject\opengl_realtimegraphics\opengl_realtimegraphics\x64\debug\opengl_r.14c2ca66.tlog\link.write.1.tlog
c:\users\d3639511\source\opengl_baseproject\opengl_baseproject\opengl_realtimegraphics\opengl_realtimegraphics\x64\debug\opengl_r.14c2ca66.tlog\rc.command.1.tlog
c:\users\d3639511\source\opengl_baseproject\opengl_baseproject\opengl_realtimegraphics\opengl_realtimegraphics\x64\debug\opengl_r.14c2ca66.tlog\rc.read.1.tlog
c:\users\d3639511\source\opengl_baseproject\opengl_baseproject\opengl_realtimegraphics\opengl_realtimegraphics\x64\debug\opengl_r.14c2ca66.tlog\rc.write.1.tlog
